<?xml version="1.0" encoding="UTF-8"?>
<testng-results ignored="0" total="3" passed="3" failed="0" skipped="0">
  <reporter-output>
  </reporter-output>
  <suite started-at="2022-06-12T17:47:19 IST" name="Default suite" finished-at="2022-06-12T17:47:24 IST" duration-ms="5019">
    <groups>
    </groups>
    <test started-at="2022-06-12T17:47:19 IST" name="Default test" finished-at="2022-06-12T17:47:24 IST" duration-ms="5019">
      <class name="tests.GetAndPost">
        <test-method signature="testDelete()[pri:0, instance:tests.GetAndPost@5276e6b0]" started-at="2022-06-12T17:47:19 IST" name="testDelete" finished-at="2022-06-12T17:47:22 IST" duration-ms="3063" status="PASS">
          <reporter-output>
          </reporter-output>
        </test-method> <!-- testDelete -->
        <test-method signature="testGet()[pri:0, instance:tests.GetAndPost@5276e6b0]" started-at="2022-06-12T17:47:22 IST" name="testGet" finished-at="2022-06-12T17:47:23 IST" duration-ms="1318" status="PASS">
          <reporter-output>
          </reporter-output>
        </test-method> <!-- testGet -->
        <test-method signature="testPost()[pri:0, instance:tests.GetAndPost@5276e6b0]" started-at="2022-06-12T17:47:23 IST" name="testPost" finished-at="2022-06-12T17:47:24 IST" duration-ms="554" status="PASS">
          <reporter-output>
          </reporter-output>
        </test-method> <!-- testPost -->
      </class> <!-- tests.GetAndPost -->
    </test> <!-- Default test -->
  </suite> <!-- Default suite -->
</testng-results>
