<?xml version="1.0" encoding="UTF-8"?>
<testng-results ignored="0" total="4" passed="4" failed="0" skipped="0">
  <reporter-output>
  </reporter-output>
  <suite started-at="2022-06-15T18:26:27 IST" name="Default suite" finished-at="2022-06-15T18:26:33 IST" duration-ms="6416">
    <groups>
    </groups>
    <test started-at="2022-06-15T18:26:27 IST" name="Default test" finished-at="2022-06-15T18:26:33 IST" duration-ms="6416">
      <class name="tests.HttpMethodsTest">
        <test-method signature="testDelete()[pri:0, instance:tests.HttpMethodsTest@5276e6b0]" started-at="2022-06-15T18:26:27 IST" name="testDelete" finished-at="2022-06-15T18:26:31 IST" duration-ms="3812" status="PASS">
          <reporter-output>
          </reporter-output>
        </test-method> <!-- testDelete -->
        <test-method signature="testGet()[pri:0, instance:tests.HttpMethodsTest@5276e6b0]" started-at="2022-06-15T18:26:31 IST" name="testGet" finished-at="2022-06-15T18:26:32 IST" duration-ms="1282" status="PASS">
          <reporter-output>
          </reporter-output>
        </test-method> <!-- testGet -->
        <test-method signature="testPost()[pri:0, instance:tests.HttpMethodsTest@5276e6b0]" started-at="2022-06-15T18:26:32 IST" name="testPost" finished-at="2022-06-15T18:26:33 IST" duration-ms="523" status="PASS">
          <reporter-output>
          </reporter-output>
        </test-method> <!-- testPost -->
        <test-method signature="testPut()[pri:0, instance:tests.HttpMethodsTest@5276e6b0]" started-at="2022-06-15T18:26:33 IST" name="testPut" finished-at="2022-06-15T18:26:33 IST" duration-ms="687" status="PASS">
          <reporter-output>
          </reporter-output>
        </test-method> <!-- testPut -->
      </class> <!-- tests.HttpMethodsTest -->
    </test> <!-- Default test -->
  </suite> <!-- Default suite -->
</testng-results>
