<?xml version="1.0" encoding="UTF-8"?>
<!-- Generated by org.testng.reporters.JUnitXMLReporter -->
<testsuite ignored="0" hostname="HrishitasMacBookAir.local" failures="0" tests="3" name="Default test" time="5.019" errors="0" timestamp="2022-06-12T17:47:24 IST">
  <testcase classname="tests.GetAndPost" name="testDelete" time="3.063"/>
  <testcase classname="tests.GetAndPost" name="testGet" time="1.318"/>
  <testcase classname="tests.GetAndPost" name="testPost" time="0.554"/>
</testsuite> <!-- Default test -->
